{"total": {"lines":{"total":1161,"covered":963,"skipped":0,"pct":82.94},"statements":{"total":1161,"covered":963,"skipped":0,"pct":82.94},"functions":{"total":63,"covered":44,"skipped":0,"pct":69.84},"branches":{"total":178,"covered":124,"skipped":0,"pct":69.66},"branchesTrue":{"total":0,"covered":0,"skipped":0,"pct":100}}
,"/home/nkgolol/Dev/SandBox/dev/Eduboost-V2/app/frontend/src/components/eduboost/EntryScreens.tsx": {"lines":{"total":49,"covered":49,"skipped":0,"pct":100},"functions":{"total":11,"covered":9,"skipped":0,"pct":81.81},"statements":{"total":49,"covered":49,"skipped":0,"pct":100},"branches":{"total":39,"covered":39,"skipped":0,"pct":100}}
,"/home/nkgolol/Dev/SandBox/dev/Eduboost-V2/app/frontend/src/components/eduboost/FeaturePanels.tsx": {"lines":{"total":73,"covered":56,"skipped":0,"pct":76.71},"functions":{"total":7,"covered":4,"skipped":0,"pct":57.14},"statements":{"total":73,"covered":56,"skipped":0,"pct":76.71},"branches":{"total":9,"covered":6,"skipped":0,"pct":66.66}}
,"/home/nkgolol/Dev/SandBox/dev/Eduboost-V2/app/frontend/src/components/eduboost/InteractiveDiagnostic.tsx": {"lines":{"total":235,"covered":224,"skipped":0,"pct":95.31},"functions":{"total":6,"covered":6,"skipped":0,"pct":100},"statements":{"total":235,"covered":224,"skipped":0,"pct":95.31},"branches":{"total":38,"covered":23,"skipped":0,"pct":60.52}}
,"/home/nkgolol/Dev/SandBox/dev/Eduboost-V2/app/frontend/src/components/eduboost/InteractiveLesson.tsx": {"lines":{"total":93,"covered":79,"skipped":0,"pct":84.94},"functions":{"total":1,"covered":1,"skipped":0,"pct":100},"statements":{"total":93,"covered":79,"skipped":0,"pct":84.94},"branches":{"total":7,"covered":2,"skipped":0,"pct":28.57}}
,"/home/nkgolol/Dev/SandBox/dev/Eduboost-V2/app/frontend/src/components/eduboost/ParentDashboard.tsx": {"lines":{"total":173,"covered":161,"skipped":0,"pct":93.06},"functions":{"total":2,"covered":2,"skipped":0,"pct":100},"statements":{"total":173,"covered":161,"skipped":0,"pct":93.06},"branches":{"total":20,"covered":13,"skipped":0,"pct":65}}
,"/home/nkgolol/Dev/SandBox/dev/Eduboost-V2/app/frontend/src/components/eduboost/ShellComponents.tsx": {"lines":{"total":100,"covered":100,"skipped":0,"pct":100},"functions":{"total":4,"covered":3,"skipped":0,"pct":75},"statements":{"total":100,"covered":100,"skipped":0,"pct":100},"branches":{"total":11,"covered":8,"skipped":0,"pct":72.72}}
,"/home/nkgolol/Dev/SandBox/dev/Eduboost-V2/app/frontend/src/components/eduboost/api.ts": {"lines":{"total":29,"covered":0,"skipped":0,"pct":0},"functions":{"total":1,"covered":0,"skipped":0,"pct":0},"statements":{"total":29,"covered":0,"skipped":0,"pct":0},"branches":{"total":1,"covered":0,"skipped":0,"pct":0}}
,"/home/nkgolol/Dev/SandBox/dev/Eduboost-V2/app/frontend/src/components/eduboost/constants.ts": {"lines":{"total":60,"covered":60,"skipped":0,"pct":100},"functions":{"total":0,"covered":0,"skipped":0,"pct":100},"statements":{"total":60,"covered":60,"skipped":0,"pct":100},"branches":{"total":0,"covered":0,"skipped":0,"pct":100}}
,"/home/nkgolol/Dev/SandBox/dev/Eduboost-V2/app/frontend/src/components/eduboost/styles.ts": {"lines":{"total":52,"covered":0,"skipped":0,"pct":0},"functions":{"total":1,"covered":0,"skipped":0,"pct":0},"statements":{"total":52,"covered":0,"skipped":0,"pct":0},"branches":{"total":1,"covered":0,"skipped":0,"pct":0}}
,"/home/nkgolol/Dev/SandBox/dev/Eduboost-V2/app/frontend/src/lib/api/client.ts": {"lines":{"total":80,"covered":71,"skipped":0,"pct":88.75},"functions":{"total":5,"covered":4,"skipped":0,"pct":80},"statements":{"total":80,"covered":71,"skipped":0,"pct":88.75},"branches":{"total":24,"covered":16,"skipped":0,"pct":66.66}}
,"/home/nkgolol/Dev/SandBox/dev/Eduboost-V2/app/frontend/src/lib/api/offlineSync.ts": {"lines":{"total":93,"covered":73,"skipped":0,"pct":78.49},"functions":{"total":8,"covered":8,"skipped":0,"pct":100},"statements":{"total":93,"covered":73,"skipped":0,"pct":78.49},"branches":{"total":20,"covered":9,"skipped":0,"pct":45}}
,"/home/nkgolol/Dev/SandBox/dev/Eduboost-V2/app/frontend/src/lib/api/services.ts": {"lines":{"total":124,"covered":90,"skipped":0,"pct":72.58},"functions":{"total":17,"covered":7,"skipped":0,"pct":41.17},"statements":{"total":124,"covered":90,"skipped":0,"pct":72.58},"branches":{"total":8,"covered":8,"skipped":0,"pct":100}}
}
